Watching for file changes with StatReloader
Watching for file changes with StatReloader
[17/Jul/2020 17:35:07] "GET / HTTP/1.1" 200 10808
[17/Jul/2020 17:35:07] "GET /static/assets/css/all.css HTTP/1.1" 200 48538
[17/Jul/2020 17:35:08] "GET /static/assets/css/opensans.css HTTP/1.1" 200 7288
[17/Jul/2020 17:35:08] "GET /static/assets/css/bulma-divider.min.css HTTP/1.1" 200 7099
[17/Jul/2020 17:35:08] "GET /static/assets/css/bulma-checkradio.min.css HTTP/1.1" 200 36028
[17/Jul/2020 17:35:09] "GET /static/assets/css/forum.css HTTP/1.1" 200 8966
[17/Jul/2020 17:35:09] "GET /static/assets/css/bulma-tooltip.min.css HTTP/1.1" 200 38440
[17/Jul/2020 17:35:09] "GET /static/assets/css/aihr-font.css HTTP/1.1" 200 22221
[17/Jul/2020 17:35:09] "GET /static/assets/css/swiper.min.css HTTP/1.1" 200 19773
[17/Jul/2020 17:35:09] "GET /static/assets/css/aihr-img-shadow.css HTTP/1.1" 200 155
[17/Jul/2020 17:35:09] "GET /static/assets/css/bulma.min.css HTTP/1.1" 200 182182
[17/Jul/2020 17:35:10] "GET /static/assets/images/logo.png HTTP/1.1" 200 2067
[17/Jul/2020 17:35:10] "GET /static/assets/images/tile-image-1.jpg HTTP/1.1" 200 71077
[17/Jul/2020 17:35:11] "GET /static/assets/images/named_entity_recognition.png HTTP/1.1" 200 164854
[17/Jul/2020 17:35:11] "GET /static/assets/images/sentiment_analysis.png HTTP/1.1" 200 157587
[17/Jul/2020 17:35:11] "GET /static/assets/images/translation.png HTTP/1.1" 200 111776
[17/Jul/2020 17:35:11] "GET /static/assets/images/galaxy-2d-python.png HTTP/1.1" 200 268127
[17/Jul/2020 17:35:12] "GET /static/assets/images/tile-image-2.jpg HTTP/1.1" 200 80018
[17/Jul/2020 17:35:13] "GET /static/bundle/index.js HTTP/1.1" 200 699461
[17/Jul/2020 17:35:16] "GET /static/static/favicon-32x32.png HTTP/1.1" 200 398
[17/Jul/2020 17:35:20] "GET /login/ HTTP/1.1" 200 6338
[17/Jul/2020 17:35:21] "GET /static/assets/css/bulma.min.css HTTP/1.1" 304 0
[17/Jul/2020 17:35:21] "GET /static/assets/css/opensans.css HTTP/1.1" 304 0
[17/Jul/2020 17:35:21] "GET /static/assets/css/all.css HTTP/1.1" 304 0
[17/Jul/2020 17:35:21] "GET /static/assets/css/bulma-checkradio.min.css HTTP/1.1" 304 0
[17/Jul/2020 17:35:21] "GET /static/assets/css/bulma-divider.min.css HTTP/1.1" 304 0
[17/Jul/2020 17:35:21] "GET /static/assets/css/bulma-tooltip.min.css HTTP/1.1" 304 0
[17/Jul/2020 17:35:22] "GET /static/assets/css/forum.css HTTP/1.1" 304 0
[17/Jul/2020 17:35:22] "GET /static/assets/css/aihr-font.css HTTP/1.1" 304 0
[17/Jul/2020 17:35:22] "GET /static/assets/images/logo.png HTTP/1.1" 304 0
[17/Jul/2020 17:35:23] "GET /static/assets/webfonts/fa-solid-900.woff2 HTTP/1.1" 200 80292
[17/Jul/2020 17:35:29] "POST /login/ HTTP/1.1" 200 6399
[17/Jul/2020 17:35:30] "GET /static/assets/css/all.css HTTP/1.1" 304 0
[17/Jul/2020 17:35:30] "GET /static/assets/css/opensans.css HTTP/1.1" 304 0
[17/Jul/2020 17:35:30] "GET /static/assets/css/bulma.min.css HTTP/1.1" 304 0
[17/Jul/2020 17:35:30] "GET /static/assets/css/bulma-checkradio.min.css HTTP/1.1" 304 0
[17/Jul/2020 17:35:30] "GET /static/assets/css/bulma-divider.min.css HTTP/1.1" 304 0
[17/Jul/2020 17:35:30] "GET /static/assets/css/bulma-tooltip.min.css HTTP/1.1" 304 0
[17/Jul/2020 17:35:31] "GET /static/assets/css/forum.css HTTP/1.1" 304 0
[17/Jul/2020 17:35:31] "GET /static/assets/css/aihr-font.css HTTP/1.1" 304 0
[17/Jul/2020 17:35:31] "GET /static/assets/images/logo.png HTTP/1.1" 304 0
[17/Jul/2020 17:35:32] "GET /static/assets/webfonts/fa-solid-900.woff2 HTTP/1.1" 304 0
[17/Jul/2020 17:35:42] "POST /login/ HTTP/1.1" 200 6399
[17/Jul/2020 17:35:43] "GET /static/assets/css/all.css HTTP/1.1" 304 0
[17/Jul/2020 17:35:43] "GET /static/assets/css/bulma.min.css HTTP/1.1" 304 0
[17/Jul/2020 17:35:43] "GET /static/assets/css/opensans.css HTTP/1.1" 304 0
[17/Jul/2020 17:35:43] "GET /static/assets/css/bulma-divider.min.css HTTP/1.1" 304 0
[17/Jul/2020 17:35:43] "GET /static/assets/css/bulma-checkradio.min.css HTTP/1.1" 304 0
[17/Jul/2020 17:35:43] "GET /static/assets/css/bulma-tooltip.min.css HTTP/1.1" 304 0
[17/Jul/2020 17:35:44] "GET /static/assets/css/forum.css HTTP/1.1" 304 0
[17/Jul/2020 17:35:44] "GET /static/assets/css/aihr-font.css HTTP/1.1" 304 0
[17/Jul/2020 17:35:44] "GET /static/assets/images/logo.png HTTP/1.1" 304 0
[17/Jul/2020 17:35:45] "GET /static/assets/webfonts/fa-solid-900.woff2 HTTP/1.1" 304 0
[17/Jul/2020 17:37:10] "POST /login/ HTTP/1.1" 200 6399
[17/Jul/2020 17:37:10] "GET /static/assets/css/all.css HTTP/1.1" 304 0
[17/Jul/2020 17:37:10] "GET /static/assets/css/bulma.min.css HTTP/1.1" 304 0
[17/Jul/2020 17:37:10] "GET /static/assets/css/opensans.css HTTP/1.1" 304 0
[17/Jul/2020 17:37:10] "GET /static/assets/css/bulma-divider.min.css HTTP/1.1" 304 0
[17/Jul/2020 17:37:10] "GET /static/assets/css/bulma-checkradio.min.css HTTP/1.1" 304 0
[17/Jul/2020 17:37:11] "GET /static/assets/css/bulma-tooltip.min.css HTTP/1.1" 304 0
[17/Jul/2020 17:37:12] "GET /static/assets/css/forum.css HTTP/1.1" 304 0
[17/Jul/2020 17:37:12] "GET /static/assets/css/aihr-font.css HTTP/1.1" 304 0
[17/Jul/2020 17:37:12] "GET /static/assets/images/logo.png HTTP/1.1" 304 0
[17/Jul/2020 17:37:13] "GET /static/assets/webfonts/fa-solid-900.woff2 HTTP/1.1" 304 0
[17/Jul/2020 17:40:30] "POST /login/ HTTP/1.1" 200 6399
[17/Jul/2020 17:40:31] "GET /static/assets/css/opensans.css HTTP/1.1" 304 0
[17/Jul/2020 17:40:31] "GET /static/assets/css/all.css HTTP/1.1" 304 0
[17/Jul/2020 17:40:31] "GET /static/assets/css/bulma-checkradio.min.css HTTP/1.1" 304 0
[17/Jul/2020 17:40:31] "GET /static/assets/css/bulma-divider.min.css HTTP/1.1" 304 0
[17/Jul/2020 17:40:31] "GET /static/assets/css/bulma.min.css HTTP/1.1" 304 0
[17/Jul/2020 17:40:31] "GET /static/assets/css/bulma-tooltip.min.css HTTP/1.1" 304 0
[17/Jul/2020 17:40:32] "GET /static/assets/css/forum.css HTTP/1.1" 304 0
[17/Jul/2020 17:40:32] "GET /static/assets/css/aihr-font.css HTTP/1.1" 304 0
[17/Jul/2020 17:40:32] "GET /static/assets/images/logo.png HTTP/1.1" 304 0
[17/Jul/2020 17:40:33] "GET /static/assets/webfonts/fa-solid-900.woff2 HTTP/1.1" 304 0
[17/Jul/2020 17:40:37] "POST /login/ HTTP/1.1" 200 6399
[17/Jul/2020 17:40:38] "GET /static/assets/css/opensans.css HTTP/1.1" 304 0
[17/Jul/2020 17:40:38] "GET /static/assets/css/all.css HTTP/1.1" 304 0
[17/Jul/2020 17:40:38] "GET /static/assets/css/bulma.min.css HTTP/1.1" 304 0
[17/Jul/2020 17:40:38] "GET /static/assets/css/bulma-checkradio.min.css HTTP/1.1" 304 0
[17/Jul/2020 17:40:38] "GET /static/assets/css/bulma-divider.min.css HTTP/1.1" 304 0
[17/Jul/2020 17:40:38] "GET /static/assets/css/bulma-tooltip.min.css HTTP/1.1" 304 0
[17/Jul/2020 17:40:39] "GET /static/assets/images/logo.png HTTP/1.1" 304 0
[17/Jul/2020 17:40:40] "GET /static/assets/css/forum.css HTTP/1.1" 304 0
[17/Jul/2020 17:40:40] "GET /static/assets/css/aihr-font.css HTTP/1.1" 304 0
[17/Jul/2020 17:40:40] "GET /static/assets/webfonts/fa-solid-900.woff2 HTTP/1.1" 304 0
[17/Jul/2020 17:41:39] "POST /login/ HTTP/1.1" 200 6399
[17/Jul/2020 17:41:39] "GET /static/assets/css/all.css HTTP/1.1" 304 0
[17/Jul/2020 17:41:39] "GET /static/assets/css/opensans.css HTTP/1.1" 304 0
[17/Jul/2020 17:41:39] "GET /static/assets/css/bulma.min.css HTTP/1.1" 304 0
[17/Jul/2020 17:41:39] "GET /static/assets/css/bulma-divider.min.css HTTP/1.1" 304 0
[17/Jul/2020 17:41:39] "GET /static/assets/css/bulma-checkradio.min.css HTTP/1.1" 304 0
[17/Jul/2020 17:41:40] "GET /static/assets/css/bulma-tooltip.min.css HTTP/1.1" 304 0
[17/Jul/2020 17:41:41] "GET /static/assets/css/forum.css HTTP/1.1" 304 0
[17/Jul/2020 17:41:41] "GET /static/assets/css/aihr-font.css HTTP/1.1" 304 0
[17/Jul/2020 17:41:41] "GET /static/assets/images/logo.png HTTP/1.1" 304 0
[17/Jul/2020 17:41:42] "GET /static/assets/webfonts/fa-solid-900.woff2 HTTP/1.1" 304 0
[17/Jul/2020 17:41:43] "GET /static/static/favicon-32x32.png HTTP/1.1" 200 398
[17/Jul/2020 17:42:10] "GET / HTTP/1.1" 200 10808
[17/Jul/2020 17:42:10] "GET /static/assets/css/all.css HTTP/1.1" 304 0
[17/Jul/2020 17:42:10] "GET /static/assets/css/opensans.css HTTP/1.1" 304 0
[17/Jul/2020 17:42:10] "GET /static/assets/css/bulma.min.css HTTP/1.1" 304 0
[17/Jul/2020 17:42:10] "GET /static/assets/css/bulma-divider.min.css HTTP/1.1" 304 0
[17/Jul/2020 17:42:10] "GET /static/assets/css/bulma-checkradio.min.css HTTP/1.1" 304 0
[17/Jul/2020 17:42:11] "GET /static/assets/css/bulma-tooltip.min.css HTTP/1.1" 304 0
[17/Jul/2020 17:42:11] "GET /static/assets/css/forum.css HTTP/1.1" 304 0
[17/Jul/2020 17:42:11] "GET /static/assets/css/swiper.min.css HTTP/1.1" 304 0
[17/Jul/2020 17:42:11] "GET /static/assets/css/aihr-font.css HTTP/1.1" 304 0
[17/Jul/2020 17:42:11] "GET /static/assets/css/aihr-img-shadow.css HTTP/1.1" 304 0
[17/Jul/2020 17:42:12] "GET /static/assets/images/logo.png HTTP/1.1" 304 0
[17/Jul/2020 17:42:13] "GET /static/assets/images/translation.png HTTP/1.1" 304 0
[17/Jul/2020 17:42:13] "GET /static/assets/images/named_entity_recognition.png HTTP/1.1" 304 0
[17/Jul/2020 17:42:13] "GET /static/assets/images/sentiment_analysis.png HTTP/1.1" 304 0
[17/Jul/2020 17:42:13] "GET /static/assets/images/tile-image-1.jpg HTTP/1.1" 304 0
[17/Jul/2020 17:42:13] "GET /static/assets/images/tile-image-2.jpg HTTP/1.1" 304 0
[17/Jul/2020 17:42:14] "GET /static/assets/images/galaxy-2d-python.png HTTP/1.1" 304 0
[17/Jul/2020 17:42:16] "GET /static/bundle/index.js HTTP/1.1" 200 699461
[17/Jul/2020 17:42:18] "GET /login/ HTTP/1.1" 200 6338
[17/Jul/2020 17:42:19] "GET /static/assets/css/all.css HTTP/1.1" 304 0
[17/Jul/2020 17:42:19] "GET /static/assets/css/opensans.css HTTP/1.1" 304 0
[17/Jul/2020 17:42:19] "GET /static/assets/css/bulma-checkradio.min.css HTTP/1.1" 304 0
[17/Jul/2020 17:42:19] "GET /static/assets/css/bulma-divider.min.css HTTP/1.1" 304 0
[17/Jul/2020 17:42:19] "GET /static/assets/css/bulma.min.css HTTP/1.1" 304 0
[17/Jul/2020 17:42:19] "GET /static/assets/css/bulma-tooltip.min.css HTTP/1.1" 304 0
[17/Jul/2020 17:42:20] "GET /static/assets/css/aihr-font.css HTTP/1.1" 304 0
[17/Jul/2020 17:42:20] "GET /static/assets/images/logo.png HTTP/1.1" 304 0
[17/Jul/2020 17:42:21] "GET /static/assets/css/forum.css HTTP/1.1" 304 0
[17/Jul/2020 17:42:21] "GET /static/assets/webfonts/fa-solid-900.woff2 HTTP/1.1" 304 0
[17/Jul/2020 17:42:25] "POST /login/ HTTP/1.1" 200 6399
[17/Jul/2020 17:42:26] "GET /static/assets/css/all.css HTTP/1.1" 304 0
[17/Jul/2020 17:42:26] "GET /static/assets/css/bulma.min.css HTTP/1.1" 304 0
[17/Jul/2020 17:42:26] "GET /static/assets/css/opensans.css HTTP/1.1" 304 0
[17/Jul/2020 17:42:26] "GET /static/assets/css/bulma-divider.min.css HTTP/1.1" 304 0
[17/Jul/2020 17:42:26] "GET /static/assets/css/bulma-checkradio.min.css HTTP/1.1" 304 0
[17/Jul/2020 17:42:26] "GET /static/assets/css/bulma-tooltip.min.css HTTP/1.1" 304 0
[17/Jul/2020 17:42:27] "GET /static/assets/css/forum.css HTTP/1.1" 304 0
[17/Jul/2020 17:42:27] "GET /static/assets/css/aihr-font.css HTTP/1.1" 304 0
[17/Jul/2020 17:42:27] "GET /static/assets/images/logo.png HTTP/1.1" 304 0
[17/Jul/2020 17:42:28] "GET /static/assets/webfonts/fa-solid-900.woff2 HTTP/1.1" 304 0
[17/Jul/2020 17:45:43] "GET /login/ HTTP/1.1" 200 6338
[17/Jul/2020 17:45:44] "GET /static/assets/css/opensans.css HTTP/1.1" 304 0
[17/Jul/2020 17:45:44] "GET /static/assets/css/all.css HTTP/1.1" 304 0
[17/Jul/2020 17:45:44] "GET /static/assets/css/bulma.min.css HTTP/1.1" 304 0
[17/Jul/2020 17:45:44] "GET /static/assets/css/bulma-divider.min.css HTTP/1.1" 304 0
[17/Jul/2020 17:45:44] "GET /static/assets/css/bulma-checkradio.min.css HTTP/1.1" 304 0
[17/Jul/2020 17:45:44] "GET /static/assets/css/bulma-tooltip.min.css HTTP/1.1" 304 0
[17/Jul/2020 17:45:45] "GET /static/assets/css/forum.css HTTP/1.1" 304 0
[17/Jul/2020 17:45:45] "GET /static/assets/images/logo.png HTTP/1.1" 304 0
[17/Jul/2020 17:45:45] "GET /static/assets/css/aihr-font.css HTTP/1.1" 304 0
[17/Jul/2020 17:45:46] "GET /static/assets/webfonts/fa-solid-900.woff2 HTTP/1.1" 304 0
[17/Jul/2020 17:45:53] "POST /login/ HTTP/1.1" 200 6399
[17/Jul/2020 17:45:54] "GET /static/assets/css/opensans.css HTTP/1.1" 304 0
[17/Jul/2020 17:45:54] "GET /static/assets/css/all.css HTTP/1.1" 304 0
[17/Jul/2020 17:45:54] "GET /static/assets/css/bulma-divider.min.css HTTP/1.1" 304 0
[17/Jul/2020 17:45:54] "GET /static/assets/css/bulma.min.css HTTP/1.1" 304 0
[17/Jul/2020 17:45:54] "GET /static/assets/css/bulma-checkradio.min.css HTTP/1.1" 304 0
[17/Jul/2020 17:45:54] "GET /static/assets/css/bulma-tooltip.min.css HTTP/1.1" 304 0
[17/Jul/2020 17:45:55] "GET /static/assets/css/forum.css HTTP/1.1" 304 0
[17/Jul/2020 17:45:55] "GET /static/assets/css/aihr-font.css HTTP/1.1" 304 0
[17/Jul/2020 17:45:55] "GET /static/assets/images/logo.png HTTP/1.1" 304 0
[17/Jul/2020 17:45:56] "GET /static/assets/webfonts/fa-solid-900.woff2 HTTP/1.1" 304 0
[17/Jul/2020 17:45:58] "GET /signup/ HTTP/1.1" 200 6824
[17/Jul/2020 17:45:59] "GET /static/assets/css/all.css HTTP/1.1" 304 0
[17/Jul/2020 17:45:59] "GET /static/assets/css/opensans.css HTTP/1.1" 304 0
[17/Jul/2020 17:45:59] "GET /static/assets/css/bulma-divider.min.css HTTP/1.1" 304 0
[17/Jul/2020 17:45:59] "GET /static/assets/css/bulma.min.css HTTP/1.1" 304 0
[17/Jul/2020 17:45:59] "GET /static/assets/css/bulma-checkradio.min.css HTTP/1.1" 304 0
[17/Jul/2020 17:45:59] "GET /static/assets/css/bulma-tooltip.min.css HTTP/1.1" 304 0
[17/Jul/2020 17:46:00] "GET /static/assets/css/aihr-font.css HTTP/1.1" 304 0
[17/Jul/2020 17:46:00] "GET /static/assets/css/forum.css HTTP/1.1" 304 0
[17/Jul/2020 17:46:00] "GET /static/assets/images/logo.png HTTP/1.1" 304 0
[17/Jul/2020 17:46:15] "POST /signup/ HTTP/1.1" 200 4706
[17/Jul/2020 17:46:16] "GET /static/assets/css/all.css HTTP/1.1" 304 0
[17/Jul/2020 17:46:16] "GET /static/assets/css/opensans.css HTTP/1.1" 304 0
[17/Jul/2020 17:46:16] "GET /static/assets/css/bulma-checkradio.min.css HTTP/1.1" 304 0
[17/Jul/2020 17:46:16] "GET /static/assets/css/bulma-divider.min.css HTTP/1.1" 304 0
[17/Jul/2020 17:46:16] "GET /static/assets/css/bulma.min.css HTTP/1.1" 304 0
[17/Jul/2020 17:46:16] "GET /static/assets/css/bulma-tooltip.min.css HTTP/1.1" 304 0
[17/Jul/2020 17:46:17] "GET /static/assets/css/forum.css HTTP/1.1" 304 0
[17/Jul/2020 17:46:17] "GET /static/assets/css/aihr-font.css HTTP/1.1" 304 0
[17/Jul/2020 17:46:17] "GET /static/assets/images/logo.png HTTP/1.1" 304 0
